0 info it worked if it ends with ok
1 verbose cli [ '/Users/erik/local/node/bin/node',
1 verbose cli   '/Users/erik/local/node/bin/npm',
1 verbose cli   'publish' ]
2 info using npm@2.7.4
3 info using node@v0.12.2
4 verbose publish [ '.' ]
5 silly cache add args [ '.', null ]
6 verbose cache add spec .
7 silly cache add parsed spec { raw: '.',
7 silly cache add   scope: null,
7 silly cache add   name: null,
7 silly cache add   rawSpec: '.',
7 silly cache add   spec: '/Users/erik/Developer/dateCompare',
7 silly cache add   type: 'directory' }
8 verbose addLocalDirectory /Users/erik/.npm/date-compare/1.0.0/package.tgz not in flight; packing
9 verbose tar pack [ '/Users/erik/.npm/date-compare/1.0.0/package.tgz',
9 verbose tar pack   '/Users/erik/Developer/dateCompare' ]
10 verbose tarball /Users/erik/.npm/date-compare/1.0.0/package.tgz
11 verbose folder /Users/erik/Developer/dateCompare
12 info prepublish date-compare@1.0.0
13 verbose addLocalTarball adding from inside cache /Users/erik/.npm/date-compare/1.0.0/package.tgz
14 silly cache afterAdd date-compare@1.0.0
15 verbose afterAdd /Users/erik/.npm/date-compare/1.0.0/package/package.json not in flight; writing
16 verbose afterAdd /Users/erik/.npm/date-compare/1.0.0/package/package.json written
17 silly publish { name: 'date-compare',
17 silly publish   version: '1.0.0',
17 silly publish   description: 'Compare dates',
17 silly publish   main: 'date-compare.js',
17 silly publish   scripts: { test: 'N/A' },
17 silly publish   repository:
17 silly publish    { type: 'git',
17 silly publish      url: 'https://github.com/ekappelman/date-compare.git' },
17 silly publish   keywords: [ 'date', 'compare' ],
17 silly publish   author: { name: 'Erik Kappelman' },
17 silly publish   license: 'ISC',
17 silly publish   bugs: { url: 'https://github.com/ekappelman/date-compare/issues' },
17 silly publish   homepage: 'https://github.com/ekappelman/date-compare',
17 silly publish   readme: '# date-compare\n',
17 silly publish   readmeFilename: 'README.md',
17 silly publish   gitHead: '17e30db053f36558bd251cd54afdfe549634ffc8',
17 silly publish   _id: 'date-compare@1.0.0',
17 silly publish   _shasum: '29ee847c71464e8a831782628a6ae7a3e57a58f3',
17 silly publish   _from: '.' }
18 silly mapToRegistry name date-compare
19 silly mapToRegistry using default registry
20 silly mapToRegistry registry https://registry.npmjs.org/
21 silly mapToRegistry uri https://registry.npmjs.org/date-compare
22 verbose publish registryBase https://registry.npmjs.org/
23 silly publish uploading /Users/erik/.npm/date-compare/1.0.0/package.tgz
24 verbose request uri https://registry.npmjs.org/date-compare
25 verbose request sending authorization for write operation
26 info attempt registry request try #1 at 20:10:33
27 verbose request using bearer token for auth
28 verbose request id e682d0d00c62b22e
29 http request PUT https://registry.npmjs.org/date-compare
30 http 403 https://registry.npmjs.org/date-compare
31 verbose headers { 'content-type': 'application/json',
31 verbose headers   'cache-control': 'max-age=60',
31 verbose headers   'content-length': '95',
31 verbose headers   'accept-ranges': 'bytes',
31 verbose headers   date: 'Sat, 22 Aug 2015 02:10:35 GMT',
31 verbose headers   via: '1.1 varnish',
31 verbose headers   connection: 'keep-alive',
31 verbose headers   'x-served-by': 'cache-jfk1023-JFK',
31 verbose headers   'x-cache': 'MISS',
31 verbose headers   'x-cache-hits': '0',
31 verbose headers   'x-timer': 'S1440209434.492167,VS0,VE636' }
32 verbose request invalidating /Users/erik/.npm/registry.npmjs.org/date-compare on PUT
33 error publish Failed PUT 403
34 verbose stack Error: "You cannot publish over the previously published version 1.0.0." : date-compare
34 verbose stack     at CachingRegistryClient.<anonymous> (/Users/erik/local/node/lib/node_modules/npm/node_modules/npm-registry-client/lib/request.js:247:14)
34 verbose stack     at Request._callback (/Users/erik/local/node/lib/node_modules/npm/node_modules/npm-registry-client/lib/request.js:170:14)
34 verbose stack     at Request.self.callback (/Users/erik/local/node/lib/node_modules/npm/node_modules/request/request.js:344:22)
34 verbose stack     at Request.emit (events.js:110:17)
34 verbose stack     at Request.<anonymous> (/Users/erik/local/node/lib/node_modules/npm/node_modules/request/request.js:1239:14)
34 verbose stack     at Request.emit (events.js:129:20)
34 verbose stack     at IncomingMessage.<anonymous> (/Users/erik/local/node/lib/node_modules/npm/node_modules/request/request.js:1187:12)
34 verbose stack     at IncomingMessage.emit (events.js:129:20)
34 verbose stack     at _stream_readable.js:908:16
34 verbose stack     at process._tickCallback (node.js:355:11)
35 verbose statusCode 403
36 verbose pkgid date-compare
37 verbose cwd /Users/erik/Developer/dateCompare
38 error Darwin 14.4.0
39 error argv "/Users/erik/local/node/bin/node" "/Users/erik/local/node/bin/npm" "publish"
40 error node v0.12.2
41 error npm  v2.7.4
42 error code E403
43 error "You cannot publish over the previously published version 1.0.0." : date-compare
44 error If you need help, you may report this error at:
44 error     <https://github.com/npm/npm/issues>
45 verbose exit [ 1, true ]
